<?xml version="1.0" encoding="UTF-8"?>
<!-- Generated by org.testng.reporters.JUnitReportReporter -->
<testsuite skipped="0" hostname="Sachin-PC" name="autoit.LoginToFaceBook" tests="1" failures="0" timestamp="09 Oct 2018 00:23:52 GMT" time="166.008" errors="0">
  <testcase name="LaunchFaceBook" time="166.008" classname="autoit.LoginToFaceBook"/>
</testsuite> <!-- autoit.LoginToFaceBook -->
