<?xml version="1.0" encoding="UTF-8"?>
<!-- Generated by org.testng.reporters.JUnitReportReporter -->
<testsuite skipped="0" hostname="Sachin-PC" name="autoit.ComposeEmailWithAttachement" tests="1" failures="0" timestamp="08 Oct 2018 23:36:36 GMT" time="24.728" errors="0">
  <testcase name="composeEmailWithAttachement" time="24.728" classname="autoit.ComposeEmailWithAttachement"/>
</testsuite> <!-- autoit.ComposeEmailWithAttachement -->
