<?xml version="1.0" encoding="UTF-8"?>
<!-- Generated by org.testng.reporters.JUnitReportReporter -->
<testsuite skipped="0" hostname="Sachin-PC" name="autoit.LoggingDemo" tests="1" failures="0" timestamp="09 Oct 2018 04:08:59 GMT" time="0.007" errors="0">
  <testcase name="LoggingDemo" time="0.007" classname="autoit.LoggingDemo"/>
</testsuite> <!-- autoit.LoggingDemo -->
